Arguments: 
  C:\Program Files\nodejs\node.exe C:\Users\alone\AppData\Roaming\npm\node_modules\yarn\bin\yarn.js install --ignore-engines

PATH: 
  C:\Users\alone\bin;C:\Program Files\Git\mingw64\bin;C:\Program Files\Git\usr\local\bin;C:\Program Files\Git\usr\bin;C:\Program Files\Git\usr\bin;C:\Program Files\Git\mingw64\bin;C:\Program Files\Git\usr\bin;C:\Users\alone\bin;C:\Python311\Scripts;C:\Python311;C:\Windows\system32;C:\Windows;C:\Windows\System32\Wbem;C:\Windows\System32\WindowsPowerShell\v1.0;C:\Windows\System32\OpenSSH;C:\Program Files (x86)\NVIDIA Corporation\PhysX\Common;C:\Program Files\NVIDIA Corporation\NVIDIA NGX;C:\Program Files\NVIDIA Corporation\NVIDIA NvDLISR;C:\WINDOWS\system32;C:\WINDOWS;C:\WINDOWS\System32\Wbem;C:\WINDOWS\System32\WindowsPowerShell\v1.0;C:\WINDOWS\System32\OpenSSH;C:\Program Files\nodejs;C:\ProgramData\chocolatey\bin;C:\Program Files\Git\cmd;C:\Program Files\OpenLogic\jdk-17.0.8.7-hotspot\bin;C:\Users\alone\AppData\Local\Android\Sdk\platform-tools;C:\Users\alone\AppData\Local\Android\Sdk\emulator;C:\Users\alone\AppData\Local\Android\Sdk;C:\Users\alone\.console-ninja\.bin;C:\Users\alone\AppData\Local\Android\Sdk\tools;C:\Users\alone\AppData\Local\Microsoft\WindowsApps;C:\Users\alone\AppData\Roaming\npm;C:\Users\alone\AppData\Local\Programs\Microsoft VS Code\bin;C:\Program Files\OpenLogic\jdk-17.0.8.7-hotspot\bin;C:\Users\alone\AppData\Local\Android\Sdk\platform-tools;C:\Users\alone\AppData\Local\Android\Sdk\emulator;C:\Users\alone\AppData\Local\Android\Sdk;C:\Users\alone\AppData\Local\GitHubDesktop\bin;C:\Program Files\Git\usr\bin\vendor_perl;C:\Program Files\Git\usr\bin\core_perl

Yarn version: 
  1.22.19

Node version: 
  18.17.1

Platform: 
  win32 x64

Trace: 
  Error: EPERM: operation not permitted, unlink 'I:\Fullstack Social\server\node_modules\bcrypt\lib\binding\napi-v3\bcrypt_lib.node'

npm manifest: 
  {
    "name": "socio",
    "version": "1.0.0",
    "description": "",
    "main": "index.js",
    "type": "module",
    "scripts": {
      "start": "node index.js"
    },
    "author": "Pranay Alone",
    "license": "ISC",
    "dependencies": {
      "bcrypt": "^5.1.1",
      "colors": "^1.4.0",
      "cors": "^2.8.5",
      "dotenv": "^16.3.1",
      "express": "^4.18.2",
      "helmet": "^7.0.0",
      "mongoose": "^7.5.2",
      "morgan": "^1.10.0",
      "multer": "^1.4.5-lts.1",
      "nodemon": "^3.0.1",
      "path": "^0.12.7"
    }
  }

yarn manifest: 
  No manifest

Lockfile: 
  No lockfile
